> toptal-project@1.0.0 pretest C:\Users\ancha\Documents\GitHub\Toptal\Ankur-Chadha-2\Web Automation
> node ./config/pretest.js


> toptal-project@1.0.0 test C:\Users\ancha\Documents\GitHub\Toptal\Ankur-Chadha-2\Web Automation
> npm-run-all -s -c pretest maintest report


> toptal-project@1.0.0 pretest C:\Users\ancha\Documents\GitHub\Toptal\Ankur-Chadha-2\Web Automation
> node ./config/pretest.js


> toptal-project@1.0.0 maintest C:\Users\ancha\Documents\GitHub\Toptal\Ankur-Chadha-2\Web Automation
> cucumber-js --format json:report/cucumber_report.json

Browserslist: caniuse-lite is outdated. Please run:
npx browserslist@latest --update-db

Why you should do it regularly:
https://github.com/browserslist/browserslist#browsers-data-updating
The "src", "screenshots.path", and "browsers" options from the configuration file will be ignored.
 Running tests in:
 - Chrome 99.0.4844.51 / Windows 10

..... âˆš fixture - test


 1 passed (3s)
The "src", "screenshots.path", and "browsers" options from the configuration file will be ignored.
 Running tests in:
 - Chrome 99.0.4844.51 / Windows 10

....

Product count: 1
Following products are found after the search:
iPhone
... âˆš fixture - test


 1 passed (4s)
The "src", "screenshots.path", and "browsers" options from the configuration file will be ignored.
 Running tests in:
 - Chrome 99.0.4844.51 / Windows 10

....

Product count: 3
Following products are found after the search:
MacBook
MacBook Air
MacBook Pro
... âˆš fixture - test


 1 passed (5s)
The "src", "screenshots.path", and "browsers" options from the configuration file will be ignored.
 Running tests in:
 - Chrome 99.0.4844.51 / Windows 10

...F.. âˆš fixture - test (screenshots: C:\Users\ancha\Documents\GitHub\Toptal\Ankur-Chadha-2\Web
 Automation\report\screenshots\2022-03-13_14-20-05\test-1\Chrome_99.0.4844.51_Windows_10)


 1 passed (8s)
The "src", "screenshots.path", and "browsers" options from the configuration file will be ignored.
 Running tests in:
 - Chrome 99.0.4844.51 / Windows 10

....

Product count: 15
Following products are found after the search:
Apple Cinema 30"
Canon EOS 5D
HP LP3065
HTC Touch HD
iMac
iPhone
iPod Classic
iPod Nano
iPod Shuffle
iPod Touch
MacBook
MacBook Air
MacBook Pro
Nikon D300
Palm Treo Pro


Product count: 4
Following products are found after the search:
Product 8
Samsung SyncMaster 941BW
Sony VAIO
Samsung Galaxy Tab 10.1
...The "src", "screenshots.path", and "browsers" options from the configuration file will be ignored.
 âˆš fixture - test


 1 passed (9s)
 Running tests in:
 - Chrome 99.0.4844.51 / Windows 10

..........The "src", "screenshots.path", and "browsers" options from the configuration file will be ignored.
 âˆš fixture - test


 1 passed (5s)
 Running tests in:
 - Chrome 99.0.4844.51 / Windows 10

....

Product count: 2
Following products are found after the search:
Samsung SyncMaster 941BW
Samsung Galaxy Tab 10.1
...The "src", "screenshots.path", and "browsers" options from the configuration file will be ignored.
 âˆš fixture - test


 1 passed (4s)
 Running tests in:
 - Chrome 99.0.4844.51 / Windows 10

....

Product count: 2
Following products are found after the search:
Samsung SyncMaster 941BW
Samsung Galaxy Tab 10.1
...

Product count: 2
Following products are found after the search:
Samsung SyncMaster 941BW
Samsung Galaxy Tab 10.1
...(node:2608) MaxListenersExceededWarning: Possible EventEmitter memory leak detected. 11 uncaughtException listeners added to [process]. Use emitter.setMaxListeners() to increase limit
(Use `node --trace-warnings ...` to show where the warning was created)
The "src", "screenshots.path", and "browsers" options from the configuration file will be ignored.
 âˆš fixture - test


 1 passed (7s)
 Running tests in:
 - Chrome 99.0.4844.51 / Windows 10

..
File "test_upload.jpg" selected!!
..
File "test_upload.jpg" uploaded successfully!!
...The "src", "screenshots.path", and "browsers" options from the configuration file will be ignored.
 âˆš fixture - test


 1 passed (5s)
 Running tests in:
 - Chrome 99.0.4844.51 / Windows 10

..
File "text-file.txt" selected!!
..
File "text-file.txt" uploaded successfully!!
...(node:2608) MaxListenersExceededWarning: Possible EventEmitter memory leak detected. 11 unhandledRejection listeners added to [process]. Use emitter.setMaxListeners() to increase limit
The "src", "screenshots.path", and "browsers" options from the configuration file will be ignored.
 âˆš fixture - test


 1 passed (3s)
 Running tests in:
 - Chrome 99.0.4844.51 / Windows 10

..
File "doc-file.docx" selected!!
..
File "doc-file.docx" uploaded successfully!!
...The "src", "screenshots.path", and "browsers" options from the configuration file will be ignored.
 âˆš fixture - test


 1 passed (4s)
 Running tests in:
 - Chrome 99.0.4844.51 / Windows 10

..
File "excel-file.xlsx" selected!!
..
File "excel-file.xlsx" uploaded successfully!!
...The "src", "screenshots.path", and "browsers" options from the configuration file will be ignored.
 âˆš fixture - test


 1 passed (3s)
 Running tests in:
 - Chrome 99.0.4844.51 / Windows 10

...
Error while uploading!!
...The "src", "screenshots.path", and "browsers" options from the configuration file will be ignored.
 âˆš fixture - test


 1 passed (3s)
 Running tests in:
 - Chrome 99.0.4844.51 / Windows 10

..
File "test_upload.jpg" selected!!
.File selection is cleared!!
..
Error while uploading!!
...

Failures:

1) Scenario: Click on Search without entering any search text # features\search.feature:21
   âˆš Before # Automation\node_modules\@cucumber\cucumber\lib\support_code_library_builder\index.js:79
   âˆš Given User navigate to the website # features\step_definitions\search.js:7
   âˆš And Click on Search button # features\step_definitions\search.js:22
   Ã— Then No Search query is performed and home page is displayed # features\step_definitions\search.js:64
       ExternalAssertionLibraryError {
         code: 'E53',
         isTestCafeError: true,
         callsite: CallsiteRecord {
           filename: 'C:\\Users\\ancha\\Documents\\GitHub\\Toptal\\Ankur-Chadha-2\\Web Automation\\features\\step_definitions\\search.js',
           lineNum: 67,
           callsiteFrameIdx: 6,
           stackFrames: [
             [Object], [Object],
             [Object], [Object],
             [Object], [Object],
             [Object]
           ],
           isV8Frames: true
         },
         errMsg: "AssertionError: expected 'https://demo.opencart.com/index.php?route=product/search' to not include 'search'",
         diff: false
       }
   âˆš After # Automation\node_modules\@cucumber\cucumber\lib\support_code_library_builder\index.js:79
       Attachment (image/png)
   âˆš After # Automation\node_modules\@cucumber\cucumber\lib\support_code_library_builder\index.js:79

14 scenarios (1 failed, 13 passed)
59 steps (1 failed, 58 passed)
1m28.778s (executing steps: 1m28.669s)
 âˆš fixture - test


 1 passed (3s)
npm ERR! code ELIFECYCLE
npm ERR! errno 1
npm ERR! toptal-project@1.0.0 maintest: `cucumber-js --format json:report/cucumber_report.json`
npm ERR! Exit status 1
npm ERR!
npm ERR! Failed at the toptal-project@1.0.0 maintest script.
npm ERR! This is probably not a problem with npm. There is likely additional logging output above.

npm ERR! A complete log of this run can be found in:
npm ERR!     C:\Users\ancha\AppData\Roaming\npm-cache\_logs\2022-03-13T21_21_15_296Z-debug.log

> toptal-project@1.0.0 report C:\Users\ancha\Documents\GitHub\Toptal\Ankur-Chadha-2\Web Automation
> node ./report-generator.js


ğŸš€ Cucumber HTML report report/cucumber_report.html generated successfully ğŸ‘
ERROR: "maintest" exited with 1.
npm ERR! Test failed.  See above for more details.